2021-01-18 22:29:23,852:INFO: lr = [0.0, 0.0]
2021-01-18 22:29:23,852:INFO: Epoch 1/10
2021-01-18 22:33:10,602:INFO: - Train metrics: f1: 0.382 ; acc: 0.481 ; recall: 0.494 ; precision: 0.340 ; loss: 0.693
2021-01-18 22:33:17,864:INFO: - Eval metrics : f1: 0.326 ; acc: 0.503 ; recall: 0.500 ; precision: 0.251 ; loss: 0.693
2021-01-18 22:33:22,852:INFO: - Found new best accuracy
2021-01-18 22:33:22,852:INFO: lr = [4e-05, 0.001]
2021-01-18 22:33:22,852:INFO: Epoch 2/10
2021-01-18 22:37:11,995:INFO: - Train metrics: f1: 0.361 ; acc: 0.506 ; recall: 0.492 ; precision: 0.298 ; loss: 0.693
2021-01-18 22:37:19,331:INFO: - Eval metrics : f1: 0.326 ; acc: 0.503 ; recall: 0.500 ; precision: 0.251 ; loss: 0.693
2021-01-18 22:37:51,800:INFO: - Found new best accuracy
2021-01-18 22:37:51,801:INFO: lr = [3.555555555555555e-05, 0.0008888888888888888]
2021-01-18 22:37:51,801:INFO: Epoch 3/10
2021-01-18 22:39:36,700:INFO: lr = [0.0, 0.0]
2021-01-18 22:39:36,700:INFO: Epoch 1/10
2021-01-18 22:41:04,295:INFO: lr = [0.0, 0.0]
2021-01-18 22:41:04,295:INFO: Epoch 1/10
2021-01-18 22:44:53,038:INFO: - Train metrics: f1: 0.529 ; acc: 0.550 ; recall: 0.531 ; precision: 0.535 ; loss: 0.699
2021-01-18 22:45:00,356:INFO: - Eval metrics : f1: 0.723 ; acc: 0.744 ; recall: 0.755 ; precision: 0.728 ; loss: 0.601
2021-01-18 22:45:05,282:INFO: - Found new best accuracy
2021-01-18 22:45:05,282:INFO: lr = [6e-05, 0.001]
2021-01-18 22:45:05,282:INFO: Epoch 2/10
2021-01-18 22:48:54,688:INFO: - Train metrics: f1: 0.635 ; acc: 0.637 ; recall: 0.640 ; precision: 0.641 ; loss: 0.668
2021-01-18 22:49:02,055:INFO: - Eval metrics : f1: 0.735 ; acc: 0.754 ; recall: 0.764 ; precision: 0.784 ; loss: 0.587
2021-01-18 22:49:34,845:INFO: - Found new best accuracy
2021-01-18 22:49:34,846:INFO: lr = [5.333333333333333e-05, 0.0008888888888888888]
2021-01-18 22:49:34,847:INFO: Epoch 3/10
2021-01-18 22:53:24,518:INFO: - Train metrics: f1: 0.688 ; acc: 0.694 ; recall: 0.703 ; precision: 0.702 ; loss: 0.618
2021-01-18 22:53:31,870:INFO: - Eval metrics : f1: 0.802 ; acc: 0.822 ; recall: 0.827 ; precision: 0.804 ; loss: 0.549
2021-01-18 22:54:04,605:INFO: - Found new best accuracy
2021-01-18 22:54:04,606:INFO: lr = [4.666666666666667e-05, 0.0007777777777777778]
2021-01-18 22:54:04,607:INFO: Epoch 4/10
2021-01-18 22:57:54,294:INFO: - Train metrics: f1: 0.766 ; acc: 0.769 ; recall: 0.779 ; precision: 0.769 ; loss: 0.590
2021-01-18 22:58:01,626:INFO: - Eval metrics : f1: 0.809 ; acc: 0.832 ; recall: 0.830 ; precision: 0.811 ; loss: 0.546
2021-01-18 22:58:34,355:INFO: - Found new best accuracy
2021-01-18 22:58:34,356:INFO: lr = [3.9999999999999996e-05, 0.0006666666666666666]
2021-01-18 22:58:34,357:INFO: Epoch 5/10
2021-01-18 23:02:23,164:INFO: - Train metrics: f1: 0.758 ; acc: 0.762 ; recall: 0.767 ; precision: 0.760 ; loss: 0.583
2021-01-18 23:02:30,486:INFO: - Eval metrics : f1: 0.674 ; acc: 0.706 ; recall: 0.713 ; precision: 0.780 ; loss: 0.586
2021-01-18 23:02:47,766:INFO: lr = [3.3333333333333335e-05, 0.0005555555555555556]
2021-01-18 23:02:47,766:INFO: Epoch 6/10
2021-01-18 23:06:37,821:INFO: - Train metrics: f1: 0.740 ; acc: 0.744 ; recall: 0.755 ; precision: 0.751 ; loss: 0.589
2021-01-18 23:06:45,161:INFO: - Eval metrics : f1: 0.806 ; acc: 0.829 ; recall: 0.829 ; precision: 0.809 ; loss: 0.538
2021-01-18 23:07:02,274:INFO: lr = [2.6666666666666667e-05, 0.0004444444444444444]
2021-01-18 23:07:02,274:INFO: Epoch 7/10
2021-01-18 23:10:53,201:INFO: - Train metrics: f1: 0.793 ; acc: 0.794 ; recall: 0.801 ; precision: 0.795 ; loss: 0.581
2021-01-18 23:11:00,544:INFO: - Eval metrics : f1: 0.799 ; acc: 0.821 ; recall: 0.824 ; precision: 0.805 ; loss: 0.537
2021-01-18 23:11:18,533:INFO: lr = [1.9999999999999998e-05, 0.0003333333333333333]
2021-01-18 23:11:18,533:INFO: Epoch 8/10
2021-01-18 23:15:09,812:INFO: - Train metrics: f1: 0.768 ; acc: 0.769 ; recall: 0.782 ; precision: 0.774 ; loss: 0.576
2021-01-18 23:15:17,158:INFO: - Eval metrics : f1: 0.803 ; acc: 0.827 ; recall: 0.826 ; precision: 0.806 ; loss: 0.534
2021-01-18 23:15:34,815:INFO: lr = [1.3333333333333333e-05, 0.0002222222222222222]
2021-01-18 23:15:34,816:INFO: Epoch 9/10
2021-01-18 23:19:26,328:INFO: - Train metrics: f1: 0.849 ; acc: 0.850 ; recall: 0.851 ; precision: 0.851 ; loss: 0.542
2021-01-18 23:19:33,682:INFO: - Eval metrics : f1: 0.799 ; acc: 0.823 ; recall: 0.822 ; precision: 0.804 ; loss: 0.544
2021-01-18 23:19:51,576:INFO: lr = [6.666666666666667e-06, 0.0001111111111111111]
2021-01-18 23:19:51,576:INFO: Epoch 10/10
2021-01-18 23:23:42,015:INFO: - Train metrics: f1: 0.753 ; acc: 0.756 ; recall: 0.765 ; precision: 0.765 ; loss: 0.579
2021-01-18 23:23:49,342:INFO: - Eval metrics : f1: 0.797 ; acc: 0.820 ; recall: 0.821 ; precision: 0.799 ; loss: 0.540
2021-01-18 23:24:07,428:INFO: lr = [0.0, 0.0]
2021-01-18 23:24:07,428:INFO: Epoch 1/10
2021-01-18 23:28:00,117:INFO: - Train metrics: f1: 0.605 ; acc: 0.625 ; recall: 0.613 ; precision: 0.605 ; loss: 0.660
2021-01-18 23:28:07,434:INFO: - Eval metrics : f1: 0.787 ; acc: 0.809 ; recall: 0.813 ; precision: 0.802 ; loss: 0.568
2021-01-18 23:28:12,300:INFO: - Found new best accuracy
2021-01-18 23:28:12,301:INFO: lr = [6e-05, 0.001]
2021-01-18 23:28:12,301:INFO: Epoch 2/10
2021-01-18 23:32:03,306:INFO: - Train metrics: f1: 0.800 ; acc: 0.800 ; recall: 0.810 ; precision: 0.808 ; loss: 0.589
2021-01-18 23:32:10,618:INFO: - Eval metrics : f1: 0.822 ; acc: 0.844 ; recall: 0.843 ; precision: 0.826 ; loss: 0.543
2021-01-18 23:32:43,899:INFO: - Found new best accuracy
2021-01-18 23:32:43,899:INFO: lr = [5.333333333333333e-05, 0.0008888888888888888]
2021-01-18 23:32:43,899:INFO: Epoch 3/10
2021-01-18 23:36:34,536:INFO: - Train metrics: f1: 0.719 ; acc: 0.725 ; recall: 0.731 ; precision: 0.724 ; loss: 0.596
2021-01-18 23:36:41,844:INFO: - Eval metrics : f1: 0.798 ; acc: 0.825 ; recall: 0.824 ; precision: 0.819 ; loss: 0.532
2021-01-18 23:36:59,801:INFO: lr = [4.666666666666667e-05, 0.0007777777777777778]
2021-01-18 23:36:59,801:INFO: Epoch 4/10
2021-01-18 23:40:51,172:INFO: - Train metrics: f1: 0.672 ; acc: 0.675 ; recall: 0.675 ; precision: 0.674 ; loss: 0.597
2021-01-18 23:40:58,475:INFO: - Eval metrics : f1: 0.822 ; acc: 0.845 ; recall: 0.842 ; precision: 0.825 ; loss: 0.527
2021-01-18 23:41:31,794:INFO: - Found new best accuracy
2021-01-18 23:41:31,795:INFO: lr = [3.9999999999999996e-05, 0.0006666666666666666]
2021-01-18 23:41:31,795:INFO: Epoch 5/10
2021-01-18 23:45:21,360:INFO: - Train metrics: f1: 0.810 ; acc: 0.812 ; recall: 0.821 ; precision: 0.815 ; loss: 0.560
2021-01-18 23:45:28,652:INFO: - Eval metrics : f1: 0.820 ; acc: 0.842 ; recall: 0.842 ; precision: 0.825 ; loss: 0.528
2021-01-18 23:45:46,167:INFO: lr = [3.3333333333333335e-05, 0.0005555555555555556]
2021-01-18 23:45:46,167:INFO: Epoch 6/10
2021-01-18 23:49:36,235:INFO: - Train metrics: f1: 0.758 ; acc: 0.762 ; recall: 0.784 ; precision: 0.766 ; loss: 0.560
2021-01-18 23:49:43,522:INFO: - Eval metrics : f1: 0.820 ; acc: 0.841 ; recall: 0.844 ; precision: 0.823 ; loss: 0.521
2021-01-18 23:50:00,925:INFO: lr = [2.6666666666666667e-05, 0.0004444444444444444]
2021-01-18 23:50:00,925:INFO: Epoch 7/10
2021-01-18 23:53:50,637:INFO: - Train metrics: f1: 0.755 ; acc: 0.756 ; recall: 0.757 ; precision: 0.756 ; loss: 0.569
2021-01-18 23:53:57,923:INFO: - Eval metrics : f1: 0.800 ; acc: 0.826 ; recall: 0.826 ; precision: 0.815 ; loss: 0.516
2021-01-18 23:54:16,081:INFO: lr = [1.9999999999999998e-05, 0.0003333333333333333]
2021-01-18 23:54:16,081:INFO: Epoch 8/10
2021-01-18 23:58:07,202:INFO: - Train metrics: f1: 0.824 ; acc: 0.825 ; recall: 0.831 ; precision: 0.829 ; loss: 0.542
2021-01-18 23:58:14,487:INFO: - Eval metrics : f1: 0.827 ; acc: 0.848 ; recall: 0.851 ; precision: 0.831 ; loss: 0.520
2021-01-18 23:58:48,587:INFO: - Found new best accuracy
2021-01-18 23:58:48,589:INFO: lr = [1.3333333333333333e-05, 0.0002222222222222222]
2021-01-18 23:58:48,589:INFO: Epoch 9/10
2021-01-19 00:02:38,594:INFO: - Train metrics: f1: 0.792 ; acc: 0.794 ; recall: 0.798 ; precision: 0.794 ; loss: 0.564
2021-01-19 00:02:45,869:INFO: - Eval metrics : f1: 0.826 ; acc: 0.848 ; recall: 0.848 ; precision: 0.829 ; loss: 0.516
2021-01-19 00:03:04,164:INFO: lr = [6.666666666666667e-06, 0.0001111111111111111]
2021-01-19 00:03:04,164:INFO: Epoch 10/10
2021-01-19 00:06:54,743:INFO: - Train metrics: f1: 0.837 ; acc: 0.838 ; recall: 0.844 ; precision: 0.843 ; loss: 0.530
2021-01-19 00:07:02,022:INFO: - Eval metrics : f1: 0.820 ; acc: 0.842 ; recall: 0.842 ; precision: 0.823 ; loss: 0.516
2021-01-19 00:07:19,927:INFO: lr = [0.0, 0.0]
2021-01-19 00:07:19,927:INFO: Epoch 1/10
2021-01-19 00:11:10,730:INFO: - Train metrics: f1: 0.538 ; acc: 0.550 ; recall: 0.548 ; precision: 0.552 ; loss: 0.693
2021-01-19 00:11:18,003:INFO: - Eval metrics : f1: 0.326 ; acc: 0.503 ; recall: 0.500 ; precision: 0.251 ; loss: 0.693
2021-01-19 00:11:22,884:INFO: - Found new best accuracy
2021-01-19 00:11:22,884:INFO: lr = [6e-05, 0.001]
2021-01-19 00:11:22,884:INFO: Epoch 2/10
2021-01-19 00:15:12,644:INFO: - Train metrics: f1: 0.534 ; acc: 0.544 ; recall: 0.564 ; precision: 0.567 ; loss: 0.674
2021-01-19 00:15:19,904:INFO: - Eval metrics : f1: 0.810 ; acc: 0.832 ; recall: 0.834 ; precision: 0.820 ; loss: 0.557
2021-01-19 00:15:53,990:INFO: - Found new best accuracy
2021-01-19 00:15:53,992:INFO: lr = [5.333333333333333e-05, 0.0008888888888888888]
2021-01-19 00:15:53,993:INFO: Epoch 3/10
2021-01-19 00:19:44,471:INFO: - Train metrics: f1: 0.754 ; acc: 0.756 ; recall: 0.761 ; precision: 0.761 ; loss: 0.584
2021-01-19 00:19:51,722:INFO: - Eval metrics : f1: 0.830 ; acc: 0.852 ; recall: 0.851 ; precision: 0.835 ; loss: 0.538
2021-01-19 00:20:21,118:INFO: - Found new best accuracy
2021-01-19 00:20:21,120:INFO: lr = [4.666666666666667e-05, 0.0007777777777777778]
2021-01-19 00:20:21,120:INFO: Epoch 4/10
2021-01-19 00:24:12,163:INFO: - Train metrics: f1: 0.771 ; acc: 0.775 ; recall: 0.773 ; precision: 0.772 ; loss: 0.578
2021-01-19 00:24:19,425:INFO: - Eval metrics : f1: 0.822 ; acc: 0.843 ; recall: 0.842 ; precision: 0.830 ; loss: 0.543
2021-01-19 00:24:35,598:INFO: lr = [3.9999999999999996e-05, 0.0006666666666666666]
2021-01-19 00:24:35,598:INFO: Epoch 5/10
2021-01-19 00:28:26,560:INFO: - Train metrics: f1: 0.810 ; acc: 0.812 ; recall: 0.814 ; precision: 0.818 ; loss: 0.567
2021-01-19 00:28:33,834:INFO: - Eval metrics : f1: 0.806 ; acc: 0.829 ; recall: 0.828 ; precision: 0.815 ; loss: 0.536
2021-01-19 00:28:50,067:INFO: lr = [3.3333333333333335e-05, 0.0005555555555555556]
2021-01-19 00:28:50,067:INFO: Epoch 6/10
2021-01-19 00:32:39,990:INFO: - Train metrics: f1: 0.815 ; acc: 0.819 ; recall: 0.826 ; precision: 0.825 ; loss: 0.553
2021-01-19 00:32:47,255:INFO: - Eval metrics : f1: 0.808 ; acc: 0.830 ; recall: 0.830 ; precision: 0.818 ; loss: 0.536
2021-01-19 00:33:03,414:INFO: lr = [2.6666666666666667e-05, 0.0004444444444444444]
2021-01-19 00:33:03,414:INFO: Epoch 7/10
2021-01-19 00:36:54,888:INFO: - Train metrics: f1: 0.860 ; acc: 0.863 ; recall: 0.873 ; precision: 0.861 ; loss: 0.530
2021-01-19 00:37:02,151:INFO: - Eval metrics : f1: 0.810 ; acc: 0.833 ; recall: 0.831 ; precision: 0.817 ; loss: 0.534
2021-01-19 00:37:18,333:INFO: lr = [1.9999999999999998e-05, 0.0003333333333333333]
2021-01-19 00:37:18,333:INFO: Epoch 8/10
2021-01-19 00:41:08,979:INFO: - Train metrics: f1: 0.817 ; acc: 0.819 ; recall: 0.821 ; precision: 0.817 ; loss: 0.547
2021-01-19 00:41:16,247:INFO: - Eval metrics : f1: 0.806 ; acc: 0.829 ; recall: 0.827 ; precision: 0.813 ; loss: 0.531
2021-01-19 00:41:32,391:INFO: lr = [1.3333333333333333e-05, 0.0002222222222222222]
2021-01-19 00:41:32,391:INFO: Epoch 9/10
2021-01-19 00:45:22,744:INFO: - Train metrics: f1: 0.798 ; acc: 0.800 ; recall: 0.804 ; precision: 0.798 ; loss: 0.551
2021-01-19 00:45:30,026:INFO: - Eval metrics : f1: 0.803 ; acc: 0.826 ; recall: 0.826 ; precision: 0.811 ; loss: 0.523
2021-01-19 00:45:45,606:INFO: lr = [6.666666666666667e-06, 0.0001111111111111111]
2021-01-19 00:45:45,607:INFO: Epoch 10/10
2021-01-19 00:49:34,651:INFO: - Train metrics: f1: 0.773 ; acc: 0.775 ; recall: 0.783 ; precision: 0.780 ; loss: 0.554
2021-01-19 00:49:41,916:INFO: - Eval metrics : f1: 0.801 ; acc: 0.824 ; recall: 0.825 ; precision: 0.810 ; loss: 0.526
2021-01-19 00:49:57,665:INFO: lr = [0.0, 0.0]
2021-01-19 00:49:57,666:INFO: Epoch 1/10
2021-01-19 00:53:48,975:INFO: - Train metrics: f1: 0.672 ; acc: 0.681 ; recall: 0.680 ; precision: 0.676 ; loss: 0.627
2021-01-19 00:53:56,253:INFO: - Eval metrics : f1: 0.808 ; acc: 0.832 ; recall: 0.829 ; precision: 0.815 ; loss: 0.552
2021-01-19 00:54:01,118:INFO: - Found new best accuracy
2021-01-19 00:54:01,118:INFO: lr = [6e-05, 0.001]
2021-01-19 00:54:01,118:INFO: Epoch 2/10
2021-01-19 00:57:51,795:INFO: - Train metrics: f1: 0.829 ; acc: 0.831 ; recall: 0.837 ; precision: 0.830 ; loss: 0.573
2021-01-19 00:57:59,065:INFO: - Eval metrics : f1: 0.820 ; acc: 0.845 ; recall: 0.843 ; precision: 0.827 ; loss: 0.528
2021-01-19 00:58:29,892:INFO: - Found new best accuracy
2021-01-19 00:58:29,894:INFO: lr = [5.333333333333333e-05, 0.0008888888888888888]
2021-01-19 00:58:29,894:INFO: Epoch 3/10
2021-01-19 01:02:18,207:INFO: - Train metrics: f1: 0.814 ; acc: 0.819 ; recall: 0.828 ; precision: 0.814 ; loss: 0.560
2021-01-19 01:02:25,468:INFO: - Eval metrics : f1: 0.832 ; acc: 0.854 ; recall: 0.851 ; precision: 0.835 ; loss: 0.529
2021-01-19 01:02:55,711:INFO: - Found new best accuracy
2021-01-19 01:02:55,712:INFO: lr = [4.666666666666667e-05, 0.0007777777777777778]
2021-01-19 01:02:55,713:INFO: Epoch 4/10
2021-01-19 01:06:46,710:INFO: - Train metrics: f1: 0.754 ; acc: 0.756 ; recall: 0.766 ; precision: 0.755 ; loss: 0.572
2021-01-19 01:06:53,981:INFO: - Eval metrics : f1: 0.818 ; acc: 0.841 ; recall: 0.841 ; precision: 0.823 ; loss: 0.523
2021-01-19 01:07:10,445:INFO: lr = [3.9999999999999996e-05, 0.0006666666666666666]
2021-01-19 01:07:10,445:INFO: Epoch 5/10
2021-01-19 01:11:00,742:INFO: - Train metrics: f1: 0.867 ; acc: 0.869 ; recall: 0.874 ; precision: 0.869 ; loss: 0.519
2021-01-19 01:11:08,002:INFO: - Eval metrics : f1: 0.815 ; acc: 0.837 ; recall: 0.836 ; precision: 0.820 ; loss: 0.531
2021-01-19 01:11:24,015:INFO: lr = [3.3333333333333335e-05, 0.0005555555555555556]
2021-01-19 01:11:24,015:INFO: Epoch 6/10
2021-01-19 01:15:14,987:INFO: - Train metrics: f1: 0.831 ; acc: 0.831 ; recall: 0.832 ; precision: 0.833 ; loss: 0.522
2021-01-19 01:15:22,257:INFO: - Eval metrics : f1: 0.814 ; acc: 0.838 ; recall: 0.835 ; precision: 0.818 ; loss: 0.524
2021-01-19 01:15:39,942:INFO: lr = [2.6666666666666667e-05, 0.0004444444444444444]
2021-01-19 01:15:39,942:INFO: Epoch 7/10
2021-01-19 01:19:29,342:INFO: - Train metrics: f1: 0.829 ; acc: 0.831 ; recall: 0.832 ; precision: 0.834 ; loss: 0.525
2021-01-19 01:19:36,601:INFO: - Eval metrics : f1: 0.823 ; acc: 0.844 ; recall: 0.843 ; precision: 0.824 ; loss: 0.522
2021-01-19 01:19:54,089:INFO: lr = [1.9999999999999998e-05, 0.0003333333333333333]
2021-01-19 01:19:54,090:INFO: Epoch 8/10
2021-01-19 01:23:44,695:INFO: - Train metrics: f1: 0.860 ; acc: 0.863 ; recall: 0.877 ; precision: 0.863 ; loss: 0.520
2021-01-19 01:23:51,951:INFO: - Eval metrics : f1: 0.809 ; acc: 0.831 ; recall: 0.833 ; precision: 0.812 ; loss: 0.512
2021-01-19 01:24:09,102:INFO: lr = [1.3333333333333333e-05, 0.0002222222222222222]
2021-01-19 01:24:09,102:INFO: Epoch 9/10
2021-01-19 01:27:58,311:INFO: - Train metrics: f1: 0.799 ; acc: 0.800 ; recall: 0.804 ; precision: 0.803 ; loss: 0.537
2021-01-19 01:28:05,576:INFO: - Eval metrics : f1: 0.800 ; acc: 0.822 ; recall: 0.823 ; precision: 0.802 ; loss: 0.518
2021-01-19 01:28:23,431:INFO: lr = [6.666666666666667e-06, 0.0001111111111111111]
2021-01-19 01:28:23,431:INFO: Epoch 10/10
2021-01-19 01:32:12,733:INFO: - Train metrics: f1: 0.827 ; acc: 0.831 ; recall: 0.836 ; precision: 0.828 ; loss: 0.527
2021-01-19 01:32:20,000:INFO: - Eval metrics : f1: 0.809 ; acc: 0.831 ; recall: 0.833 ; precision: 0.811 ; loss: 0.516
2021-01-19 01:32:37,611:INFO: lr = [0.0, 0.0]
2021-01-19 01:32:37,611:INFO: Epoch 1/10
2021-01-19 01:36:26,740:INFO: - Train metrics: f1: 0.577 ; acc: 0.581 ; recall: 0.590 ; precision: 0.591 ; loss: 0.693
2021-01-19 01:36:34,007:INFO: - Eval metrics : f1: 0.494 ; acc: 0.530 ; recall: 0.526 ; precision: 0.528 ; loss: 0.693
2021-01-19 01:36:38,901:INFO: - Found new best accuracy
2021-01-19 01:36:38,902:INFO: lr = [6e-05, 0.001]
2021-01-19 01:36:38,902:INFO: Epoch 2/10
2021-01-19 01:40:29,250:INFO: - Train metrics: f1: 0.571 ; acc: 0.575 ; recall: 0.594 ; precision: 0.596 ; loss: 0.692
2021-01-19 01:40:36,511:INFO: - Eval metrics : f1: 0.741 ; acc: 0.766 ; recall: 0.768 ; precision: 0.752 ; loss: 0.683
2021-01-19 01:41:09,337:INFO: - Found new best accuracy
2021-01-19 01:41:09,338:INFO: lr = [5.333333333333333e-05, 0.0008888888888888888]
2021-01-19 01:41:09,338:INFO: Epoch 3/10
2021-01-19 01:45:00,073:INFO: - Train metrics: f1: 0.711 ; acc: 0.713 ; recall: 0.720 ; precision: 0.719 ; loss: 0.679
2021-01-19 01:45:07,337:INFO: - Eval metrics : f1: 0.808 ; acc: 0.829 ; recall: 0.829 ; precision: 0.817 ; loss: 0.657
2021-01-19 01:45:40,342:INFO: - Found new best accuracy
2021-01-19 01:45:40,344:INFO: lr = [4.666666666666667e-05, 0.0007777777777777778]
2021-01-19 01:45:40,344:INFO: Epoch 4/10
2021-01-19 01:49:29,897:INFO: - Train metrics: f1: 0.874 ; acc: 0.875 ; recall: 0.876 ; precision: 0.876 ; loss: 0.648
2021-01-19 01:49:37,142:INFO: - Eval metrics : f1: 0.796 ; acc: 0.820 ; recall: 0.818 ; precision: 0.807 ; loss: 0.632
2021-01-19 01:49:54,221:INFO: lr = [3.9999999999999996e-05, 0.0006666666666666666]
2021-01-19 01:49:54,221:INFO: Epoch 5/10
2021-01-19 01:53:44,910:INFO: - Train metrics: f1: 0.798 ; acc: 0.800 ; recall: 0.814 ; precision: 0.804 ; loss: 0.636
2021-01-19 01:53:52,171:INFO: - Eval metrics : f1: 0.810 ; acc: 0.832 ; recall: 0.834 ; precision: 0.824 ; loss: 0.612
2021-01-19 01:54:25,417:INFO: - Found new best accuracy
2021-01-19 01:54:25,417:INFO: lr = [3.3333333333333335e-05, 0.0005555555555555556]
2021-01-19 01:54:25,417:INFO: Epoch 6/10
2021-01-19 01:58:14,708:INFO: - Train metrics: f1: 0.796 ; acc: 0.800 ; recall: 0.799 ; precision: 0.795 ; loss: 0.619
2021-01-19 01:58:21,973:INFO: - Eval metrics : f1: 0.803 ; acc: 0.826 ; recall: 0.826 ; precision: 0.812 ; loss: 0.595
2021-01-19 01:58:39,516:INFO: lr = [2.6666666666666667e-05, 0.0004444444444444444]
2021-01-19 01:58:39,516:INFO: Epoch 7/10
2021-01-19 02:02:29,925:INFO: - Train metrics: f1: 0.790 ; acc: 0.794 ; recall: 0.795 ; precision: 0.793 ; loss: 0.602
2021-01-19 02:02:37,182:INFO: - Eval metrics : f1: 0.803 ; acc: 0.826 ; recall: 0.828 ; precision: 0.814 ; loss: 0.587
2021-01-19 02:02:54,569:INFO: lr = [1.9999999999999998e-05, 0.0003333333333333333]
2021-01-19 02:02:54,569:INFO: Epoch 8/10
2021-01-19 02:06:43,701:INFO: - Train metrics: f1: 0.772 ; acc: 0.775 ; recall: 0.781 ; precision: 0.775 ; loss: 0.609
2021-01-19 02:06:50,950:INFO: - Eval metrics : f1: 0.819 ; acc: 0.841 ; recall: 0.840 ; precision: 0.828 ; loss: 0.579
2021-01-19 02:07:24,028:INFO: - Found new best accuracy
2021-01-19 02:07:24,028:INFO: lr = [1.3333333333333333e-05, 0.0002222222222222222]
2021-01-19 02:07:24,028:INFO: Epoch 9/10
2021-01-19 02:11:13,542:INFO: - Train metrics: f1: 0.795 ; acc: 0.800 ; recall: 0.820 ; precision: 0.797 ; loss: 0.596
2021-01-19 02:11:20,808:INFO: - Eval metrics : f1: 0.801 ; acc: 0.824 ; recall: 0.826 ; precision: 0.811 ; loss: 0.575
2021-01-19 02:11:38,620:INFO: lr = [6.666666666666667e-06, 0.0001111111111111111]
2021-01-19 02:11:38,621:INFO: Epoch 10/10
2021-01-19 02:15:28,836:INFO: - Train metrics: f1: 0.823 ; acc: 0.825 ; recall: 0.829 ; precision: 0.825 ; loss: 0.582
2021-01-19 02:15:36,112:INFO: - Eval metrics : f1: 0.798 ; acc: 0.821 ; recall: 0.822 ; precision: 0.808 ; loss: 0.574
2021-01-19 07:39:48,520:INFO: lr = [0.0, 0.0]
2021-01-19 07:39:48,520:INFO: Epoch 1/10
2021-01-19 07:46:53,909:INFO: lr = [0.0, 0.0]
2021-01-19 07:46:53,909:INFO: Epoch 1/10
2021-01-19 07:48:13,764:INFO: lr = [0.0, 0.0]
2021-01-19 07:48:13,765:INFO: Epoch 1/10
2021-01-19 07:51:59,152:INFO: - Train metrics: f1: 0.499 ; acc: 0.506 ; recall: 0.510 ; precision: 0.511 ; loss: 0.692
2021-01-19 07:52:06,403:INFO: - Eval metrics : f1: 0.488 ; acc: 0.511 ; recall: 0.517 ; precision: 0.513 ; loss: 0.693
2021-01-19 07:52:11,275:INFO: - Found new best accuracy
2021-01-19 07:52:11,276:INFO: lr = [4e-05, 0.001]
2021-01-19 07:52:11,276:INFO: Epoch 2/10
2021-01-19 07:55:59,601:INFO: - Train metrics: f1: 0.507 ; acc: 0.519 ; recall: 0.511 ; precision: 0.512 ; loss: 0.692
2021-01-19 07:56:06,857:INFO: - Eval metrics : f1: 0.487 ; acc: 0.509 ; recall: 0.520 ; precision: 0.515 ; loss: 0.693
2021-01-19 07:56:24,591:INFO: lr = [3.555555555555555e-05, 0.0008888888888888888]
2021-01-19 07:56:24,591:INFO: Epoch 3/10
2021-01-19 08:00:13,144:INFO: - Train metrics: f1: 0.447 ; acc: 0.456 ; recall: 0.451 ; precision: 0.450 ; loss: 0.696
2021-01-19 08:00:20,422:INFO: - Eval metrics : f1: 0.483 ; acc: 0.507 ; recall: 0.510 ; precision: 0.512 ; loss: 0.692
2021-01-19 08:00:38,243:INFO: lr = [3.111111111111112e-05, 0.0007777777777777778]
2021-01-19 08:00:38,243:INFO: Epoch 4/10
2021-01-19 08:04:27,025:INFO: - Train metrics: f1: 0.516 ; acc: 0.525 ; recall: 0.524 ; precision: 0.524 ; loss: 0.688
2021-01-19 08:04:34,295:INFO: - Eval metrics : f1: 0.496 ; acc: 0.524 ; recall: 0.529 ; precision: 0.536 ; loss: 0.692
2021-01-19 08:05:08,093:INFO: - Found new best accuracy
2021-01-19 08:05:08,094:INFO: lr = [2.6666666666666667e-05, 0.0006666666666666666]
2021-01-19 08:05:08,094:INFO: Epoch 5/10
2021-01-19 08:08:56,486:INFO: - Train metrics: f1: 0.518 ; acc: 0.525 ; recall: 0.524 ; precision: 0.525 ; loss: 0.691
2021-01-19 08:09:03,765:INFO: - Eval metrics : f1: 0.503 ; acc: 0.525 ; recall: 0.535 ; precision: 0.537 ; loss: 0.692
2021-01-19 08:09:39,903:INFO: - Found new best accuracy
2021-01-19 08:09:39,905:INFO: lr = [2.2222222222222227e-05, 0.0005555555555555556]
2021-01-19 08:09:39,905:INFO: Epoch 6/10
2021-01-19 08:13:28,724:INFO: - Train metrics: f1: 0.587 ; acc: 0.594 ; recall: 0.589 ; precision: 0.592 ; loss: 0.687
2021-01-19 08:13:36,002:INFO: - Eval metrics : f1: 0.512 ; acc: 0.533 ; recall: 0.542 ; precision: 0.538 ; loss: 0.691
2021-01-19 08:14:09,906:INFO: - Found new best accuracy
2021-01-19 08:14:09,908:INFO: lr = [1.7777777777777777e-05, 0.0004444444444444444]
2021-01-19 08:14:09,908:INFO: Epoch 7/10
2021-01-19 08:17:59,225:INFO: - Train metrics: f1: 0.570 ; acc: 0.581 ; recall: 0.572 ; precision: 0.575 ; loss: 0.683
2021-01-19 08:18:06,480:INFO: - Eval metrics : f1: 0.511 ; acc: 0.530 ; recall: 0.544 ; precision: 0.537 ; loss: 0.690
2021-01-19 08:18:22,437:INFO: lr = [1.3333333333333333e-05, 0.0003333333333333333]
2021-01-19 08:18:22,438:INFO: Epoch 8/10
2021-01-19 08:22:09,740:INFO: - Train metrics: f1: 0.558 ; acc: 0.562 ; recall: 0.568 ; precision: 0.564 ; loss: 0.682
2021-01-19 08:22:17,005:INFO: - Eval metrics : f1: 0.511 ; acc: 0.538 ; recall: 0.541 ; precision: 0.541 ; loss: 0.690
2021-01-19 08:22:33,005:INFO: lr = [8.888888888888888e-06, 0.0002222222222222222]
2021-01-19 08:22:33,005:INFO: Epoch 9/10
2021-01-19 08:26:22,289:INFO: - Train metrics: f1: 0.504 ; acc: 0.512 ; recall: 0.509 ; precision: 0.509 ; loss: 0.691
2021-01-19 08:26:29,557:INFO: - Eval metrics : f1: 0.516 ; acc: 0.538 ; recall: 0.548 ; precision: 0.543 ; loss: 0.690
2021-01-19 08:26:58,858:INFO: - Found new best accuracy
2021-01-19 08:26:58,860:INFO: lr = [4.444444444444444e-06, 0.0001111111111111111]
2021-01-19 08:26:58,860:INFO: Epoch 10/10
2021-01-19 08:30:46,150:INFO: - Train metrics: f1: 0.535 ; acc: 0.537 ; recall: 0.544 ; precision: 0.545 ; loss: 0.689
2021-01-19 08:30:53,401:INFO: - Eval metrics : f1: 0.516 ; acc: 0.537 ; recall: 0.547 ; precision: 0.543 ; loss: 0.690
2021-01-19 08:31:09,338:INFO: lr = [0.0, 0.0]
2021-01-19 08:31:09,338:INFO: Epoch 1/10
2021-01-19 08:34:57,722:INFO: - Train metrics: f1: 0.510 ; acc: 0.519 ; recall: 0.511 ; precision: 0.511 ; loss: 0.697
2021-01-19 08:35:04,976:INFO: - Eval metrics : f1: 0.531 ; acc: 0.551 ; recall: 0.568 ; precision: 0.552 ; loss: 0.689
2021-01-19 08:35:09,837:INFO: - Found new best accuracy
2021-01-19 08:35:09,837:INFO: lr = [4e-05, 0.001]
2021-01-19 08:35:09,837:INFO: Epoch 2/10
2021-01-19 08:38:58,562:INFO: - Train metrics: f1: 0.432 ; acc: 0.438 ; recall: 0.435 ; precision: 0.434 ; loss: 0.702
2021-01-19 08:39:05,803:INFO: - Eval metrics : f1: 0.489 ; acc: 0.540 ; recall: 0.557 ; precision: 0.572 ; loss: 0.684
2021-01-19 08:39:21,945:INFO: lr = [3.555555555555555e-05, 0.0008888888888888888]
2021-01-19 08:39:21,945:INFO: Epoch 3/10
2021-01-19 08:43:11,636:INFO: - Train metrics: f1: 0.617 ; acc: 0.619 ; recall: 0.624 ; precision: 0.626 ; loss: 0.667
2021-01-19 08:43:18,891:INFO: - Eval metrics : f1: 0.468 ; acc: 0.524 ; recall: 0.540 ; precision: 0.538 ; loss: 0.686
2021-01-19 08:43:34,841:INFO: lr = [3.111111111111112e-05, 0.0007777777777777778]
2021-01-19 08:43:34,841:INFO: Epoch 4/10
2021-01-19 08:47:23,678:INFO: - Train metrics: f1: 0.611 ; acc: 0.613 ; recall: 0.618 ; precision: 0.620 ; loss: 0.666
2021-01-19 08:47:30,930:INFO: - Eval metrics : f1: 0.489 ; acc: 0.525 ; recall: 0.536 ; precision: 0.523 ; loss: 0.681
2021-01-19 08:47:47,055:INFO: lr = [2.6666666666666667e-05, 0.0006666666666666666]
2021-01-19 08:47:47,055:INFO: Epoch 5/10
2021-01-19 08:51:36,534:INFO: - Train metrics: f1: 0.543 ; acc: 0.544 ; recall: 0.549 ; precision: 0.549 ; loss: 0.667
2021-01-19 08:51:43,785:INFO: - Eval metrics : f1: 0.545 ; acc: 0.566 ; recall: 0.577 ; precision: 0.565 ; loss: 0.677
2021-01-19 08:52:13,466:INFO: - Found new best accuracy
2021-01-19 08:52:13,468:INFO: lr = [2.2222222222222227e-05, 0.0005555555555555556]
2021-01-19 08:52:13,468:INFO: Epoch 6/10
2021-01-19 08:56:03,032:INFO: - Train metrics: f1: 0.602 ; acc: 0.613 ; recall: 0.612 ; precision: 0.608 ; loss: 0.656
2021-01-19 08:56:10,271:INFO: - Eval metrics : f1: 0.476 ; acc: 0.523 ; recall: 0.534 ; precision: 0.528 ; loss: 0.683
2021-01-19 08:56:26,409:INFO: lr = [1.7777777777777777e-05, 0.0004444444444444444]
2021-01-19 08:56:26,410:INFO: Epoch 7/10
2021-01-19 09:00:15,778:INFO: - Train metrics: f1: 0.627 ; acc: 0.637 ; recall: 0.645 ; precision: 0.642 ; loss: 0.649
2021-01-19 09:00:23,015:INFO: - Eval metrics : f1: 0.546 ; acc: 0.574 ; recall: 0.576 ; precision: 0.571 ; loss: 0.676
2021-01-19 09:00:53,102:INFO: - Found new best accuracy
2021-01-19 09:00:53,103:INFO: lr = [1.3333333333333333e-05, 0.0003333333333333333]
2021-01-19 09:00:53,104:INFO: Epoch 8/10
2021-01-19 09:04:40,980:INFO: - Train metrics: f1: 0.620 ; acc: 0.625 ; recall: 0.626 ; precision: 0.623 ; loss: 0.644
2021-01-19 09:04:48,220:INFO: - Eval metrics : f1: 0.536 ; acc: 0.565 ; recall: 0.573 ; precision: 0.567 ; loss: 0.676
2021-01-19 09:05:05,320:INFO: lr = [8.888888888888888e-06, 0.0002222222222222222]
2021-01-19 09:05:05,320:INFO: Epoch 9/10
2021-01-19 09:08:54,472:INFO: - Train metrics: f1: 0.646 ; acc: 0.650 ; recall: 0.654 ; precision: 0.650 ; loss: 0.661
2021-01-19 09:09:01,732:INFO: - Eval metrics : f1: 0.554 ; acc: 0.577 ; recall: 0.586 ; precision: 0.576 ; loss: 0.675
2021-01-19 09:09:33,559:INFO: - Found new best accuracy
2021-01-19 09:09:33,561:INFO: lr = [4.444444444444444e-06, 0.0001111111111111111]
2021-01-19 09:09:33,561:INFO: Epoch 10/10
2021-01-19 09:13:22,602:INFO: - Train metrics: f1: 0.587 ; acc: 0.594 ; recall: 0.594 ; precision: 0.592 ; loss: 0.661
2021-01-19 09:13:29,836:INFO: - Eval metrics : f1: 0.532 ; acc: 0.560 ; recall: 0.566 ; precision: 0.562 ; loss: 0.676
2021-01-19 09:13:47,306:INFO: lr = [0.0, 0.0]
2021-01-19 09:13:47,306:INFO: Epoch 1/10
2021-01-19 09:17:37,471:INFO: - Train metrics: f1: 0.504 ; acc: 0.506 ; recall: 0.505 ; precision: 0.505 ; loss: 0.697
2021-01-19 09:17:44,713:INFO: - Eval metrics : f1: 0.496 ; acc: 0.538 ; recall: 0.546 ; precision: 0.523 ; loss: 0.686
2021-01-19 09:17:49,609:INFO: - Found new best accuracy
2021-01-19 09:17:49,610:INFO: lr = [4e-05, 0.001]
2021-01-19 09:17:49,610:INFO: Epoch 2/10
2021-01-19 09:21:38,902:INFO: - Train metrics: f1: 0.610 ; acc: 0.613 ; recall: 0.615 ; precision: 0.613 ; loss: 0.668
2021-01-19 09:21:46,135:INFO: - Eval metrics : f1: 0.539 ; acc: 0.564 ; recall: 0.571 ; precision: 0.554 ; loss: 0.677
2021-01-19 09:22:18,192:INFO: - Found new best accuracy
2021-01-19 09:22:18,193:INFO: lr = [3.555555555555555e-05, 0.0008888888888888888]
2021-01-19 09:22:18,193:INFO: Epoch 3/10
2021-01-19 09:26:05,981:INFO: - Train metrics: f1: 0.563 ; acc: 0.569 ; recall: 0.577 ; precision: 0.574 ; loss: 0.664
2021-01-19 09:26:13,263:INFO: - Eval metrics : f1: 0.519 ; acc: 0.559 ; recall: 0.561 ; precision: 0.569 ; loss: 0.680
2021-01-19 09:26:30,688:INFO: lr = [3.111111111111112e-05, 0.0007777777777777778]
2021-01-19 09:26:30,688:INFO: Epoch 4/10
2021-01-19 09:30:18,948:INFO: - Train metrics: f1: 0.606 ; acc: 0.613 ; recall: 0.632 ; precision: 0.629 ; loss: 0.667
2021-01-19 09:30:26,205:INFO: - Eval metrics : f1: 0.555 ; acc: 0.588 ; recall: 0.596 ; precision: 0.589 ; loss: 0.673
2021-01-19 09:30:58,824:INFO: - Found new best accuracy
2021-01-19 09:30:58,826:INFO: lr = [2.6666666666666667e-05, 0.0006666666666666666]
2021-01-19 09:30:58,826:INFO: Epoch 5/10
2021-01-19 09:34:47,805:INFO: - Train metrics: f1: 0.615 ; acc: 0.619 ; recall: 0.620 ; precision: 0.619 ; loss: 0.663
2021-01-19 09:34:55,067:INFO: - Eval metrics : f1: 0.509 ; acc: 0.550 ; recall: 0.552 ; precision: 0.551 ; loss: 0.676
2021-01-19 09:35:12,551:INFO: lr = [2.2222222222222227e-05, 0.0005555555555555556]
2021-01-19 09:35:12,552:INFO: Epoch 6/10
2021-01-19 09:39:02,663:INFO: - Train metrics: f1: 0.679 ; acc: 0.681 ; recall: 0.680 ; precision: 0.680 ; loss: 0.644
2021-01-19 09:39:09,911:INFO: - Eval metrics : f1: 0.538 ; acc: 0.570 ; recall: 0.571 ; precision: 0.564 ; loss: 0.674
2021-01-19 09:39:27,246:INFO: lr = [1.7777777777777777e-05, 0.0004444444444444444]
2021-01-19 09:39:27,247:INFO: Epoch 7/10
2021-01-19 09:43:18,048:INFO: - Train metrics: f1: 0.699 ; acc: 0.700 ; recall: 0.704 ; precision: 0.701 ; loss: 0.646
2021-01-19 09:43:25,308:INFO: - Eval metrics : f1: 0.547 ; acc: 0.574 ; recall: 0.579 ; precision: 0.572 ; loss: 0.671
2021-01-19 09:43:42,830:INFO: lr = [1.3333333333333333e-05, 0.0003333333333333333]
2021-01-19 09:43:42,831:INFO: Epoch 8/10
2021-01-19 09:47:32,281:INFO: - Train metrics: f1: 0.634 ; acc: 0.637 ; recall: 0.638 ; precision: 0.636 ; loss: 0.655
2021-01-19 09:47:39,545:INFO: - Eval metrics : f1: 0.541 ; acc: 0.569 ; recall: 0.572 ; precision: 0.564 ; loss: 0.671
2021-01-19 09:47:57,158:INFO: lr = [8.888888888888888e-06, 0.0002222222222222222]
2021-01-19 09:47:57,158:INFO: Epoch 9/10
2021-01-19 09:51:46,933:INFO: - Train metrics: f1: 0.602 ; acc: 0.613 ; recall: 0.618 ; precision: 0.608 ; loss: 0.652
2021-01-19 09:51:54,187:INFO: - Eval metrics : f1: 0.531 ; acc: 0.563 ; recall: 0.567 ; precision: 0.566 ; loss: 0.673
2021-01-19 09:52:11,842:INFO: lr = [4.444444444444444e-06, 0.0001111111111111111]
2021-01-19 09:52:11,843:INFO: Epoch 10/10
2021-01-19 09:56:01,409:INFO: - Train metrics: f1: 0.584 ; acc: 0.588 ; recall: 0.621 ; precision: 0.608 ; loss: 0.667
2021-01-19 09:56:08,663:INFO: - Eval metrics : f1: 0.525 ; acc: 0.557 ; recall: 0.561 ; precision: 0.560 ; loss: 0.673
2021-01-19 09:56:26,431:INFO: lr = [0.0, 0.0]
2021-01-19 09:56:26,431:INFO: Epoch 1/10
2021-01-19 10:00:15,488:INFO: - Train metrics: f1: 0.459 ; acc: 0.463 ; recall: 0.464 ; precision: 0.464 ; loss: 0.712
2021-01-19 10:00:22,737:INFO: - Eval metrics : f1: 0.495 ; acc: 0.516 ; recall: 0.514 ; precision: 0.519 ; loss: 0.694
2021-01-19 10:00:27,586:INFO: - Found new best accuracy
2021-01-19 10:00:27,587:INFO: lr = [4e-05, 0.001]
2021-01-19 10:00:27,587:INFO: Epoch 2/10
2021-01-19 10:04:17,161:INFO: - Train metrics: f1: 0.490 ; acc: 0.500 ; recall: 0.501 ; precision: 0.501 ; loss: 0.693
2021-01-19 10:04:24,389:INFO: - Eval metrics : f1: 0.519 ; acc: 0.544 ; recall: 0.547 ; precision: 0.545 ; loss: 0.693
2021-01-19 10:04:57,308:INFO: - Found new best accuracy
2021-01-19 10:04:57,310:INFO: lr = [3.555555555555555e-05, 0.0008888888888888888]
2021-01-19 10:04:57,310:INFO: Epoch 3/10
2021-01-19 10:08:45,710:INFO: - Train metrics: f1: 0.573 ; acc: 0.575 ; recall: 0.579 ; precision: 0.579 ; loss: 0.680
2021-01-19 10:08:52,945:INFO: - Eval metrics : f1: 0.515 ; acc: 0.538 ; recall: 0.531 ; precision: 0.538 ; loss: 0.692
2021-01-19 10:09:10,743:INFO: lr = [3.111111111111112e-05, 0.0007777777777777778]
2021-01-19 10:09:10,743:INFO: Epoch 4/10
2021-01-19 10:12:58,889:INFO: - Train metrics: f1: 0.591 ; acc: 0.594 ; recall: 0.600 ; precision: 0.598 ; loss: 0.686
2021-01-19 10:13:06,128:INFO: - Eval metrics : f1: 0.529 ; acc: 0.553 ; recall: 0.560 ; precision: 0.552 ; loss: 0.690
2021-01-19 10:13:39,260:INFO: - Found new best accuracy
2021-01-19 10:13:39,261:INFO: lr = [2.6666666666666667e-05, 0.0006666666666666666]
2021-01-19 10:13:39,262:INFO: Epoch 5/10
2021-01-19 10:17:27,318:INFO: - Train metrics: f1: 0.514 ; acc: 0.519 ; recall: 0.520 ; precision: 0.520 ; loss: 0.691
2021-01-19 10:17:34,549:INFO: - Eval metrics : f1: 0.511 ; acc: 0.535 ; recall: 0.543 ; precision: 0.534 ; loss: 0.689
2021-01-19 10:17:52,932:INFO: lr = [2.2222222222222227e-05, 0.0005555555555555556]
2021-01-19 10:17:52,933:INFO: Epoch 6/10
2021-01-19 10:21:42,658:INFO: - Train metrics: f1: 0.615 ; acc: 0.619 ; recall: 0.619 ; precision: 0.620 ; loss: 0.653
2021-01-19 10:21:49,892:INFO: - Eval metrics : f1: 0.510 ; acc: 0.531 ; recall: 0.539 ; precision: 0.529 ; loss: 0.688
2021-01-19 10:22:08,180:INFO: lr = [1.7777777777777777e-05, 0.0004444444444444444]
2021-01-19 10:22:08,180:INFO: Epoch 7/10
2021-01-19 10:25:55,588:INFO: - Train metrics: f1: 0.619 ; acc: 0.625 ; recall: 0.631 ; precision: 0.625 ; loss: 0.669
2021-01-19 10:26:02,814:INFO: - Eval metrics : f1: 0.535 ; acc: 0.556 ; recall: 0.565 ; precision: 0.556 ; loss: 0.688
2021-01-19 10:26:40,776:INFO: - Found new best accuracy
2021-01-19 10:26:40,777:INFO: lr = [1.3333333333333333e-05, 0.0003333333333333333]
2021-01-19 10:26:40,778:INFO: Epoch 8/10
2021-01-19 10:30:30,672:INFO: - Train metrics: f1: 0.634 ; acc: 0.637 ; recall: 0.638 ; precision: 0.638 ; loss: 0.660
2021-01-19 10:30:37,892:INFO: - Eval metrics : f1: 0.509 ; acc: 0.529 ; recall: 0.539 ; precision: 0.530 ; loss: 0.687
2021-01-19 10:30:53,446:INFO: lr = [8.888888888888888e-06, 0.0002222222222222222]
2021-01-19 10:30:53,446:INFO: Epoch 9/10
2021-01-19 10:34:42,576:INFO: - Train metrics: f1: 0.605 ; acc: 0.606 ; recall: 0.619 ; precision: 0.619 ; loss: 0.671
2021-01-19 10:34:49,811:INFO: - Eval metrics : f1: 0.524 ; acc: 0.545 ; recall: 0.555 ; precision: 0.547 ; loss: 0.686
2021-01-19 10:35:05,194:INFO: lr = [4.444444444444444e-06, 0.0001111111111111111]
2021-01-19 10:35:05,194:INFO: Epoch 10/10
2021-01-19 10:38:54,678:INFO: - Train metrics: f1: 0.598 ; acc: 0.606 ; recall: 0.601 ; precision: 0.601 ; loss: 0.666
2021-01-19 10:39:01,914:INFO: - Eval metrics : f1: 0.515 ; acc: 0.535 ; recall: 0.545 ; precision: 0.535 ; loss: 0.687
2021-01-19 10:39:17,266:INFO: lr = [0.0, 0.0]
2021-01-19 10:39:17,266:INFO: Epoch 1/10
2021-01-19 10:43:06,711:INFO: - Train metrics: f1: 0.571 ; acc: 0.575 ; recall: 0.572 ; precision: 0.572 ; loss: 0.678
2021-01-19 10:43:13,964:INFO: - Eval metrics : f1: 0.540 ; acc: 0.564 ; recall: 0.575 ; precision: 0.562 ; loss: 0.683
2021-01-19 10:43:18,967:INFO: - Found new best accuracy
2021-01-19 10:43:18,967:INFO: lr = [4e-05, 0.001]
2021-01-19 10:43:18,967:INFO: Epoch 2/10
2021-01-19 10:47:07,844:INFO: - Train metrics: f1: 0.578 ; acc: 0.581 ; recall: 0.589 ; precision: 0.585 ; loss: 0.657
2021-01-19 10:47:15,091:INFO: - Eval metrics : f1: 0.545 ; acc: 0.568 ; recall: 0.580 ; precision: 0.575 ; loss: 0.681
2021-01-19 10:47:44,261:INFO: - Found new best accuracy
2021-01-19 10:47:44,262:INFO: lr = [3.555555555555555e-05, 0.0008888888888888888]
2021-01-19 10:47:44,263:INFO: Epoch 3/10
2021-01-19 10:51:33,657:INFO: - Train metrics: f1: 0.608 ; acc: 0.613 ; recall: 0.621 ; precision: 0.619 ; loss: 0.658
2021-01-19 10:51:40,917:INFO: - Eval metrics : f1: 0.554 ; acc: 0.577 ; recall: 0.590 ; precision: 0.583 ; loss: 0.677
2021-01-19 10:52:10,264:INFO: - Found new best accuracy
2021-01-19 10:52:10,266:INFO: lr = [3.111111111111112e-05, 0.0007777777777777778]
2021-01-19 10:52:10,266:INFO: Epoch 4/10
2021-01-19 10:55:59,784:INFO: - Train metrics: f1: 0.663 ; acc: 0.669 ; recall: 0.668 ; precision: 0.665 ; loss: 0.639
2021-01-19 10:56:07,008:INFO: - Eval metrics : f1: 0.565 ; acc: 0.593 ; recall: 0.602 ; precision: 0.597 ; loss: 0.672
2021-01-19 10:56:36,773:INFO: - Found new best accuracy
2021-01-19 10:56:36,775:INFO: lr = [2.6666666666666667e-05, 0.0006666666666666666]
2021-01-19 10:56:36,775:INFO: Epoch 5/10
2021-01-19 11:00:25,509:INFO: - Train metrics: f1: 0.661 ; acc: 0.662 ; recall: 0.677 ; precision: 0.674 ; loss: 0.632
2021-01-19 11:00:32,755:INFO: - Eval metrics : f1: 0.556 ; acc: 0.581 ; recall: 0.589 ; precision: 0.583 ; loss: 0.672
2021-01-19 11:00:48,922:INFO: lr = [2.2222222222222227e-05, 0.0005555555555555556]
2021-01-19 11:00:48,922:INFO: Epoch 6/10
2021-01-19 11:04:36,025:INFO: - Train metrics: f1: 0.634 ; acc: 0.637 ; recall: 0.642 ; precision: 0.639 ; loss: 0.646
2021-01-19 11:04:43,266:INFO: - Eval metrics : f1: 0.567 ; acc: 0.593 ; recall: 0.606 ; precision: 0.594 ; loss: 0.670
2021-01-19 11:05:13,056:INFO: - Found new best accuracy
2021-01-19 11:05:13,058:INFO: lr = [1.7777777777777777e-05, 0.0004444444444444444]
2021-01-19 11:05:13,058:INFO: Epoch 7/10
2021-01-19 11:09:01,459:INFO: - Train metrics: f1: 0.650 ; acc: 0.656 ; recall: 0.656 ; precision: 0.651 ; loss: 0.640
2021-01-19 11:09:08,713:INFO: - Eval metrics : f1: 0.571 ; acc: 0.598 ; recall: 0.606 ; precision: 0.596 ; loss: 0.670
2021-01-19 11:09:40,777:INFO: - Found new best accuracy
2021-01-19 11:09:40,777:INFO: lr = [1.3333333333333333e-05, 0.0003333333333333333]
2021-01-19 11:09:40,778:INFO: Epoch 8/10
2021-01-19 11:13:28,470:INFO: - Train metrics: f1: 0.654 ; acc: 0.656 ; recall: 0.657 ; precision: 0.659 ; loss: 0.643
2021-01-19 11:13:35,725:INFO: - Eval metrics : f1: 0.556 ; acc: 0.582 ; recall: 0.589 ; precision: 0.583 ; loss: 0.670
2021-01-19 11:13:52,305:INFO: lr = [8.888888888888888e-06, 0.0002222222222222222]
2021-01-19 11:13:52,305:INFO: Epoch 9/10
2021-01-19 11:17:42,082:INFO: - Train metrics: f1: 0.702 ; acc: 0.706 ; recall: 0.719 ; precision: 0.708 ; loss: 0.627
2021-01-19 11:17:49,317:INFO: - Eval metrics : f1: 0.547 ; acc: 0.573 ; recall: 0.582 ; precision: 0.575 ; loss: 0.670
2021-01-19 11:18:05,916:INFO: lr = [4.444444444444444e-06, 0.0001111111111111111]
2021-01-19 11:18:05,917:INFO: Epoch 10/10
2021-01-19 11:21:55,071:INFO: - Train metrics: f1: 0.659 ; acc: 0.662 ; recall: 0.670 ; precision: 0.664 ; loss: 0.640
2021-01-19 11:22:02,322:INFO: - Eval metrics : f1: 0.552 ; acc: 0.579 ; recall: 0.587 ; precision: 0.581 ; loss: 0.670
